* using log directory ‘/Users/a.senabouth/CodeRepositories/ascend-dev/..Rcheck’
* using R Under development (unstable) (2018-02-11 r74244)
* using platform: x86_64-apple-darwin15.6.0 (64-bit)
* using session charset: UTF-8
* using option ‘--no-build-vignettes’
* checking for file ‘./DESCRIPTION’ ... OK
* checking extension type ... Package
* this is package ‘ascend’ version ‘0.2.10’
* package encoding: UTF-8
* checking package namespace information ... OK
* checking package dependencies ... ERROR
Packages required but not available:
  ‘dplyr’ ‘data.table’ ‘devtools’ ‘reshape2’ ‘limSolve’ ‘ggplot2’
  ‘Biobase’ ‘BiocParallel’ ‘Rtsne’ ‘ggbeeswarm’ ‘dynamicTreeCut’
  ‘dendextend’ ‘RColorBrewer’ ‘scater’ ‘scran’ ‘locfit’ ‘DESeq’

Packages suggested but not available: ‘knitr’ ‘rmarkdown’ ‘testthat’

Packages which this enhances but not available for checking:
  ‘BiocGenerics’ ‘SummarizedExperiment’ ‘SingleCellExperiment’

VignetteBuilder package required for checking but not installed: ‘knitr’

The suggested packages are required for a complete check.
Checking can be attempted without them by setting the environment
variable _R_CHECK_FORCE_SUGGESTS_ to a false value.

See section ‘The DESCRIPTION file’ in the ‘Writing R Extensions’
manual.
* DONE
Status: 1 ERROR
